data/build/intermediates/manifest_merge_blame_file/debug/processDebugManifest/manifest-merger-blame-debug-report.txt
1<?xml version="1.0" encoding="utf-8"?>
2<manifest xmlns:android="http://schemas.android.com/apk/res/android"
3    package="com.vopo.data" >
4
5    <uses-sdk android:minSdkVersion="25" />
6
7    <application>
7-->src/main/AndroidManifest.xml:3:5-36:19
8        <service
8-->src/main/AndroidManifest.xml:4:9-7:56
9            android:name="com.vopo.data.manager.recording.RecordingForegroundService"
9-->src/main/AndroidManifest.xml:5:13-86
10            android:exported="false"
10-->src/main/AndroidManifest.xml:6:13-37
11            android:foregroundServiceType="dataSync" />
11-->src/main/AndroidManifest.xml:7:13-53
12
13        <receiver
13-->src/main/AndroidManifest.xml:9:9-11:40
14            android:name="com.vopo.data.manager.recording.RecordingAlarmReceiver"
14-->src/main/AndroidManifest.xml:10:13-82
15            android:exported="false" />
15-->src/main/AndroidManifest.xml:11:13-37
16        <receiver
16-->src/main/AndroidManifest.xml:13:9-15:40
17            android:name="com.vopo.data.manager.reminder.ProgramReminderAlarmReceiver"
17-->src/main/AndroidManifest.xml:14:13-87
18            android:exported="false" />
18-->src/main/AndroidManifest.xml:15:13-37
19        <receiver
19-->src/main/AndroidManifest.xml:17:9-25:20
20            android:name="com.vopo.data.manager.recording.RecordingRestoreReceiver"
20-->src/main/AndroidManifest.xml:18:13-84
21            android:enabled="true"
21-->src/main/AndroidManifest.xml:19:13-35
22            android:exported="true" >
22-->src/main/AndroidManifest.xml:20:13-36
23            <intent-filter>
23-->src/main/AndroidManifest.xml:21:13-24:29
24                <action android:name="android.intent.action.BOOT_COMPLETED" />
24-->src/main/AndroidManifest.xml:22:17-79
24-->src/main/AndroidManifest.xml:22:25-76
25                <action android:name="android.intent.action.MY_PACKAGE_REPLACED" />
25-->src/main/AndroidManifest.xml:23:17-84
25-->src/main/AndroidManifest.xml:23:25-81
26            </intent-filter>
27        </receiver>
28        <receiver
28-->src/main/AndroidManifest.xml:27:9-35:20
29            android:name="com.vopo.data.manager.reminder.ProgramReminderRestoreReceiver"
29-->src/main/AndroidManifest.xml:28:13-89
30            android:enabled="true"
30-->src/main/AndroidManifest.xml:29:13-35
31            android:exported="true" >
31-->src/main/AndroidManifest.xml:30:13-36
32            <intent-filter>
32-->src/main/AndroidManifest.xml:21:13-24:29
33                <action android:name="android.intent.action.BOOT_COMPLETED" />
33-->src/main/AndroidManifest.xml:22:17-79
33-->src/main/AndroidManifest.xml:22:25-76
34                <action android:name="android.intent.action.MY_PACKAGE_REPLACED" />
34-->src/main/AndroidManifest.xml:23:17-84
34-->src/main/AndroidManifest.xml:23:25-81
35            </intent-filter>
36        </receiver>
37    </application>
38
39</manifest>